<?xml version="1.0" encoding="UTF-8"?>
<!-- Generated by org.testng.reporters.JUnitXMLReporter -->
<testsuite ignored="0" hostname="DESKTOP-VBE86CG" failures="0" tests="10" name="Test" time="218.057" errors="0" timestamp="2024-07-19T14:30:11 IST">
  <testcase classname="amazonApp.ProjectOneWithTenTestCasesNew.TC10" name="UpdateCart" time="22.323"/>
  <testcase classname="amazonApp.ProjectOneWithTenTestCasesNew.TC09" name="addToCart" time="19.082"/>
  <testcase classname="amazonApp.ProjectOneWithTenTestCasesNew.TC08" name="Sorting_product_details" time="45.69"/>
  <testcase classname="amazonApp.ProjectOneWithTenTestCasesNew.TC07" name="Verify_product_details" time="22.247"/>
  <testcase classname="amazonApp.ProjectOneWithTenTestCasesNew.TC06" name="Filtertheproduct" time="15.059"/>
  <testcase classname="amazonApp.ProjectOneWithTenTestCasesNew.TC05" name="Search_product" time="17.554"/>
  <testcase classname="amazonApp.ProjectOneWithTenTestCasesNew.TC04" name="Manage_Proile" time="16.364"/>
  <testcase classname="amazonApp.ProjectOneWithTenTestCasesNew.TC03" name="Loginwith_InvalidCreds" time="7.285"/>
  <testcase classname="amazonApp.ProjectOneWithTenTestCasesNew.TC02" name="Loginwith_validCreds" time="11.111"/>
  <testcase classname="amazonApp.ProjectOneWithTenTestCasesNew.TC01" name="Registration" time="8.607"/>
</testsuite> <!-- Test -->
